<?xml version="1.0" encoding="UTF-8"?>
<testsuite name="connect4.PlateauDeJeuTest" tests="3" skipped="0" failures="0" errors="0" timestamp="2016-11-25T11:08:27" hostname="alex" time="0.0">
  <properties/>
  <testcase name="modificationDeCase" classname="connect4.PlateauDeJeuTest" time="0.0"/>
  <testcase name="instensiationPlateauDeJeu" classname="connect4.PlateauDeJeuTest" time="0.0"/>
  <testcase name="ColonnePleine" classname="connect4.PlateauDeJeuTest" time="0.0"/>
  <system-out><![CDATA[]]></system-out>
  <system-err><![CDATA[]]></system-err>
</testsuite>
